-------------------------------------------------------------------------------
Test set: org.margomalanuha.spring.labs.repository.ProductRepositoryTest
-------------------------------------------------------------------------------
Tests run: 2, Failures: 1, Errors: 0, Skipped: 0, Time elapsed: 0.369 s <<< FAILURE! - in org.margomalanuha.spring.labs.repository.ProductRepositoryTest
delete_WhenDataIsCorrect_ShouldDeleteRecord(org.margomalanuha.spring.labs.repository.ProductRepositoryTest)  Time elapsed: 0.168 s  <<< FAILURE!
java.lang.AssertionError: expected:<23> but was:<24>
	at org.margomalanuha.spring.labs.repository.ProductRepositoryTest.delete_WhenDataIsCorrect_ShouldDeleteRecord(ProductRepositoryTest.java:33)

