-------------------------------------------------------------------------------
Test set: org.margomalanuha.spring.labs.repository.UserRepositoryTest
-------------------------------------------------------------------------------
Tests run: 3, Failures: 1, Errors: 0, Skipped: 0, Time elapsed: 0.682 s <<< FAILURE! - in org.margomalanuha.spring.labs.repository.UserRepositoryTest
delete_WhenDataIsCorrect_ShouldDeleteRecord(org.margomalanuha.spring.labs.repository.UserRepositoryTest)  Time elapsed: 0.128 s  <<< FAILURE!
java.lang.AssertionError: expected:<7> but was:<6>
	at org.margomalanuha.spring.labs.repository.UserRepositoryTest.delete_WhenDataIsCorrect_ShouldDeleteRecord(UserRepositoryTest.java:37)

