<?xml version="1.0" encoding="UTF-8"?>
<testsuite xmlns:xsi="http://www.w3.org/2001/XMLSchema-instance" xsi:noNamespaceSchemaLocation="https://maven.apache.org/surefire/maven-surefire-plugin/xsd/surefire-test-report.xsd" name="org.margomalanuha.spring.labs.repository.ProductRepositoryTest" time="0.211" tests="3" errors="0" skipped="0" failures="2">
  <properties>
[...]
</properties>
  <testcase name="update_WhenDataIsCorrect_ShouldUpdateRecord" classname="org.margomalanuha.spring.labs.repository.ProductRepositoryTest" time="0.047">
    <failure message="expected:&lt;27.0&gt; but was:&lt;25.05&gt;" type="java.lang.AssertionError"><![CDATA[java.lang.AssertionError: expected:<27.0> but was:<25.05>
	at org.margomalanuha.spring.labs.repository.ProductRepositoryTest.update_WhenDataIsCorrect_ShouldUpdateRecord(ProductRepositoryTest.java:25)
]]></failure>
  </testcase>
  <testcase name="create_WhenDataIsCorrect_ShouldCreateNewRecord" classname="org.margomalanuha.spring.labs.repository.ProductRepositoryTest" time="0.059"/>
  <testcase name="delete_WhenDataIsCorrect_ShouldDeleteRecord" classname="org.margomalanuha.spring.labs.repository.ProductRepositoryTest" time="0.061">
    <failure message="expected:&lt;21&gt; but was:&lt;22&gt;" type="java.lang.AssertionError"><![CDATA[java.lang.AssertionError: expected:<21> but was:<22>
	at org.margomalanuha.spring.labs.repository.ProductRepositoryTest.delete_WhenDataIsCorrect_ShouldDeleteRecord(ProductRepositoryTest.java:33)
]]></failure>
  </testcase>
</testsuite>